c:\monstone\monstone\gamesource\externallib\freeimage\source\freeimagelib\win32\debug\freeimagelib.pdb
c:\monstone\monstone\gamesource\externallib\freeimage\source\freeimagelib\win32\debug\freeimagelib.idb
c:\monstone\monstone\gamesource\externallib\freeimage\source\freeimagelib\win32\debug\conversionfloat.obj
c:\monstone\monstone\gamesource\externallib\freeimage\source\freeimagelib\win32\debug\conversion8.obj
c:\monstone\monstone\gamesource\externallib\freeimage\source\freeimagelib\win32\debug\conversion4.obj
c:\monstone\monstone\gamesource\externallib\freeimage\source\freeimagelib\win32\debug\conversion32.obj
c:\monstone\monstone\gamesource\externallib\freeimage\source\freeimagelib\win32\debug\conversion24.obj
c:\monstone\monstone\gamesource\externallib\freeimage\source\freeimagelib\win32\debug\conversion16_565.obj
c:\monstone\monstone\gamesource\externallib\freeimage\source\freeimagelib\win32\debug\conversion16_555.obj
c:\monstone\monstone\gamesource\externallib\freeimage\source\freeimagelib\win32\debug\conversion.obj
c:\monstone\monstone\gamesource\externallib\freeimage\source\freeimagelib\win32\debug\wuquantizer.obj
c:\monstone\monstone\gamesource\externallib\freeimage\source\freeimagelib\win32\debug\nnquantizer.obj
c:\monstone\monstone\gamesource\externallib\freeimage\source\freeimagelib\win32\debug\pixelaccess.obj
c:\monstone\monstone\gamesource\externallib\freeimage\source\freeimagelib\win32\debug\memoryio.obj
c:\monstone\monstone\gamesource\externallib\freeimage\source\freeimagelib\win32\debug\lfpquantizer.obj
c:\monstone\monstone\gamesource\externallib\freeimage\source\freeimagelib\win32\debug\gettype.obj
c:\monstone\monstone\gamesource\externallib\freeimage\source\freeimagelib\win32\debug\freeimageio.obj
c:\monstone\monstone\gamesource\externallib\freeimage\source\freeimagelib\win32\debug\freeimage.obj
c:\monstone\monstone\gamesource\externallib\freeimage\source\freeimagelib\win32\debug\conversionrgbaf.obj
c:\monstone\monstone\gamesource\externallib\freeimage\source\freeimagelib\win32\debug\conversionrgba16.obj
c:\monstone\monstone\gamesource\externallib\freeimage\source\freeimagelib\win32\debug\colorlookup.obj
c:\monstone\monstone\gamesource\externallib\freeimage\source\freeimagelib\win32\debug\bitmapaccess.obj
c:\monstone\monstone\gamesource\externallib\freeimage\source\freeimagelib\win32\debug\pluginhdr.obj
c:\monstone\monstone\gamesource\externallib\freeimage\source\freeimagelib\win32\debug\plugingif.obj
c:\monstone\monstone\gamesource\externallib\freeimage\source\freeimagelib\win32\debug\pluging3.obj
c:\monstone\monstone\gamesource\externallib\freeimage\source\freeimagelib\win32\debug\pluginexr.obj
c:\monstone\monstone\gamesource\externallib\freeimage\source\freeimagelib\win32\debug\plugindds.obj
c:\monstone\monstone\gamesource\externallib\freeimage\source\freeimagelib\win32\debug\plugincut.obj
c:\monstone\monstone\gamesource\externallib\freeimage\source\freeimagelib\win32\debug\pluginbmp.obj
c:\monstone\monstone\gamesource\externallib\freeimage\source\freeimagelib\win32\debug\plugin.obj
c:\monstone\monstone\gamesource\externallib\freeimage\source\freeimagelib\win32\debug\mnghelper.obj
c:\monstone\monstone\gamesource\externallib\freeimage\source\freeimagelib\win32\debug\j2khelper.obj
c:\monstone\monstone\gamesource\externallib\freeimage\source\freeimagelib\win32\debug\tonemapping.obj
c:\monstone\monstone\gamesource\externallib\freeimage\source\freeimagelib\win32\debug\tmoreinhard05.obj
c:\monstone\monstone\gamesource\externallib\freeimage\source\freeimagelib\win32\debug\tmofattal02.obj
c:\monstone\monstone\gamesource\externallib\freeimage\source\freeimagelib\win32\debug\tmodrago03.obj
c:\monstone\monstone\gamesource\externallib\freeimage\source\freeimagelib\win32\debug\tmocolorconvert.obj
c:\monstone\monstone\gamesource\externallib\freeimage\source\freeimagelib\win32\debug\halftoning.obj
c:\monstone\monstone\gamesource\externallib\freeimage\source\freeimagelib\win32\debug\conversionuint16.obj
c:\monstone\monstone\gamesource\externallib\freeimage\source\freeimagelib\win32\debug\conversiontype.obj
c:\monstone\monstone\gamesource\externallib\freeimage\source\freeimagelib\win32\debug\conversionrgbf.obj
c:\monstone\monstone\gamesource\externallib\freeimage\source\freeimagelib\win32\debug\conversionrgb16.obj
c:\monstone\monstone\gamesource\externallib\freeimage\source\freeimagelib\win32\debug\plugintarga.obj
c:\monstone\monstone\gamesource\externallib\freeimage\source\freeimagelib\win32\debug\pluginsgi.obj
c:\monstone\monstone\gamesource\externallib\freeimage\source\freeimagelib\win32\debug\pluginraw.obj
c:\monstone\monstone\gamesource\externallib\freeimage\source\freeimagelib\win32\debug\pluginras.obj
c:\monstone\monstone\gamesource\externallib\freeimage\source\freeimagelib\win32\debug\pluginpsd.obj
c:\monstone\monstone\gamesource\externallib\freeimage\source\freeimagelib\win32\debug\pluginpnm.obj
c:\monstone\monstone\gamesource\externallib\freeimage\source\freeimagelib\win32\debug\pluginpng.obj
c:\monstone\monstone\gamesource\externallib\freeimage\source\freeimagelib\win32\debug\pluginpict.obj
c:\monstone\monstone\gamesource\externallib\freeimage\source\freeimagelib\win32\debug\pluginpfm.obj
c:\monstone\monstone\gamesource\externallib\freeimage\source\freeimagelib\win32\debug\pluginpcx.obj
c:\monstone\monstone\gamesource\externallib\freeimage\source\freeimagelib\win32\debug\pluginpcd.obj
c:\monstone\monstone\gamesource\externallib\freeimage\source\freeimagelib\win32\debug\pluginmng.obj
c:\monstone\monstone\gamesource\externallib\freeimage\source\freeimagelib\win32\debug\pluginkoala.obj
c:\monstone\monstone\gamesource\externallib\freeimage\source\freeimagelib\win32\debug\pluginjxr.obj
c:\monstone\monstone\gamesource\externallib\freeimage\source\freeimagelib\win32\debug\pluginjpeg.obj
c:\monstone\monstone\gamesource\externallib\freeimage\source\freeimagelib\win32\debug\pluginjp2.obj
c:\monstone\monstone\gamesource\externallib\freeimage\source\freeimagelib\win32\debug\pluginjng.obj
c:\monstone\monstone\gamesource\externallib\freeimage\source\freeimagelib\win32\debug\pluginj2k.obj
c:\monstone\monstone\gamesource\externallib\freeimage\source\freeimagelib\win32\debug\pluginiff.obj
c:\monstone\monstone\gamesource\externallib\freeimage\source\freeimagelib\win32\debug\pluginico.obj
c:\monstone\monstone\gamesource\externallib\freeimage\source\freeimagelib\win32\debug\background.obj
c:\monstone\monstone\gamesource\externallib\freeimage\source\freeimagelib\win32\debug\xtiff.obj
c:\monstone\monstone\gamesource\externallib\freeimage\source\freeimagelib\win32\debug\taglib.obj
c:\monstone\monstone\gamesource\externallib\freeimage\source\freeimagelib\win32\debug\tagconversion.obj
c:\monstone\monstone\gamesource\externallib\freeimage\source\freeimagelib\win32\debug\iptc.obj
c:\monstone\monstone\gamesource\externallib\freeimage\source\freeimagelib\win32\debug\freeimagetag.obj
c:\monstone\monstone\gamesource\externallib\freeimage\source\freeimagelib\win32\debug\firational.obj
c:\monstone\monstone\gamesource\externallib\freeimage\source\freeimagelib\win32\debug\exif.obj
c:\monstone\monstone\gamesource\externallib\freeimage\source\freeimagelib\win32\debug\zlibinterface.obj
c:\monstone\monstone\gamesource\externallib\freeimage\source\freeimagelib\win32\debug\multipage.obj
c:\monstone\monstone\gamesource\externallib\freeimage\source\freeimagelib\win32\debug\cachefile.obj
c:\monstone\monstone\gamesource\externallib\freeimage\source\freeimagelib\win32\debug\deprecationmgr.obj
c:\monstone\monstone\gamesource\externallib\freeimage\source\freeimagelib\win32\debug\deprecated.obj
c:\monstone\monstone\gamesource\externallib\freeimage\source\freeimagelib\win32\debug\tifflogluv.obj
c:\monstone\monstone\gamesource\externallib\freeimage\source\freeimagelib\win32\debug\psdparser.obj
c:\monstone\monstone\gamesource\externallib\freeimage\source\freeimagelib\win32\debug\pluginxpm.obj
c:\monstone\monstone\gamesource\externallib\freeimage\source\freeimagelib\win32\debug\pluginxbm.obj
c:\monstone\monstone\gamesource\externallib\freeimage\source\freeimagelib\win32\debug\pluginwebp.obj
c:\monstone\monstone\gamesource\externallib\freeimage\source\freeimagelib\win32\debug\pluginwbmp.obj
c:\monstone\monstone\gamesource\externallib\freeimage\source\freeimagelib\win32\debug\plugintiff.obj
c:\monstone\monstone\gamesource\externallib\freeimage\source\freeimagelib\win32\debug\resize.obj
c:\monstone\monstone\gamesource\externallib\freeimage\source\freeimagelib\win32\debug\rescale.obj
c:\monstone\monstone\gamesource\externallib\freeimage\source\freeimagelib\win32\debug\multigridpoissonsolver.obj
c:\monstone\monstone\gamesource\externallib\freeimage\source\freeimagelib\win32\debug\jpegtransform.obj
c:\monstone\monstone\gamesource\externallib\freeimage\source\freeimagelib\win32\debug\flip.obj
c:\monstone\monstone\gamesource\externallib\freeimage\source\freeimagelib\win32\debug\display.obj
c:\monstone\monstone\gamesource\externallib\freeimage\source\freeimagelib\win32\debug\copypaste.obj
c:\monstone\monstone\gamesource\externallib\freeimage\source\freeimagelib\win32\debug\colors.obj
c:\monstone\monstone\gamesource\externallib\freeimage\source\freeimagelib\win32\debug\classicrotate.obj
c:\monstone\monstone\gamesource\externallib\freeimage\source\freeimagelib\win32\debug\channels.obj
c:\monstone\monstone\gamesource\externallib\freeimage\source\freeimagelib\win32\debug\bsplinerotate.obj
c:\monstone\monstone\gamesource\externallib\freeimage\source\freeimagelib\win32\debug\freeimagelib.lib
c:\monstone\monstone\gamesource\externallib\freeimage\source\freeimagelib\.\win32\debug\freeimagelib.lib
c:\monstone\monstone\gamesource\externallib\freeimage\source\freeimagelib\win32\debug\freeimagelib.tlog\cl.command.1.tlog
c:\monstone\monstone\gamesource\externallib\freeimage\source\freeimagelib\win32\debug\freeimagelib.tlog\cl.read.1.tlog
c:\monstone\monstone\gamesource\externallib\freeimage\source\freeimagelib\win32\debug\freeimagelib.tlog\cl.write.1.tlog
c:\monstone\monstone\gamesource\externallib\freeimage\source\freeimagelib\win32\debug\freeimagelib.tlog\lib-link.read.1.tlog
c:\monstone\monstone\gamesource\externallib\freeimage\source\freeimagelib\win32\debug\freeimagelib.tlog\lib-link.write.1.tlog
c:\monstone\monstone\gamesource\externallib\freeimage\source\freeimagelib\win32\debug\freeimagelib.tlog\lib.command.1.tlog
