c:\monstone\monstone\gamesource\externallib\ftgl-2.1.3\msvc\vc8\debug\vc141.pdb
c:\monstone\monstone\gamesource\externallib\ftgl-2.1.3\msvc\vc8\debug\vc141.idb
c:\monstone\monstone\gamesource\externallib\ftgl-2.1.3\msvc\vc8\debug\ftpixmapfont.obj
c:\monstone\monstone\gamesource\externallib\ftgl-2.1.3\msvc\vc8\debug\ftpolygonfont.obj
c:\monstone\monstone\gamesource\externallib\ftgl-2.1.3\msvc\vc8\debug\fttexturefont.obj
c:\monstone\monstone\gamesource\externallib\ftgl-2.1.3\msvc\vc8\debug\ftglyphcontainer.obj
c:\monstone\monstone\gamesource\externallib\ftgl-2.1.3\msvc\vc8\debug\ftbitmapglyph.obj
c:\monstone\monstone\gamesource\externallib\ftgl-2.1.3\msvc\vc8\debug\ftbufferglyph.obj
c:\monstone\monstone\gamesource\externallib\ftgl-2.1.3\msvc\vc8\debug\ftextrudeglyph.obj
c:\monstone\monstone\gamesource\externallib\ftgl-2.1.3\msvc\vc8\debug\ftglyph.obj
c:\monstone\monstone\gamesource\externallib\ftgl-2.1.3\msvc\vc8\debug\ftglyphglue.obj
c:\monstone\monstone\gamesource\externallib\ftgl-2.1.3\msvc\vc8\debug\ftoutlineglyph.obj
c:\monstone\monstone\gamesource\externallib\ftgl-2.1.3\msvc\vc8\debug\ftpixmapglyph.obj
c:\monstone\monstone\gamesource\externallib\ftgl-2.1.3\msvc\vc8\debug\ftpolygonglyph.obj
c:\monstone\monstone\gamesource\externallib\ftgl-2.1.3\msvc\vc8\debug\fttextureglyph.obj
c:\monstone\monstone\gamesource\externallib\ftgl-2.1.3\msvc\vc8\debug\ftlayout.obj
c:\monstone\monstone\gamesource\externallib\ftgl-2.1.3\msvc\vc8\debug\ftlayoutglue.obj
c:\monstone\monstone\gamesource\externallib\ftgl-2.1.3\msvc\vc8\debug\ftsimplelayout.obj
c:\monstone\monstone\gamesource\externallib\ftgl-2.1.3\msvc\vc8\debug\ftlibrary.obj
c:\monstone\monstone\gamesource\externallib\ftgl-2.1.3\msvc\vc8\debug\ftpoint.obj
c:\monstone\monstone\gamesource\externallib\ftgl-2.1.3\msvc\vc8\debug\ftsize.obj
c:\monstone\monstone\gamesource\externallib\ftgl-2.1.3\msvc\vc8\debug\ftvectoriser.obj
c:\monstone\monstone\gamesource\externallib\ftgl-2.1.3\msvc\vc8\debug\ftbuffer.obj
c:\monstone\monstone\gamesource\externallib\ftgl-2.1.3\msvc\vc8\debug\ftcharmap.obj
c:\monstone\monstone\gamesource\externallib\ftgl-2.1.3\msvc\vc8\debug\ftcontour.obj
c:\monstone\monstone\gamesource\externallib\ftgl-2.1.3\msvc\vc8\debug\ftface.obj
c:\monstone\monstone\gamesource\externallib\ftgl-2.1.3\msvc\vc8\debug\ftbitmapfont.obj
c:\monstone\monstone\gamesource\externallib\ftgl-2.1.3\msvc\vc8\debug\ftbufferfont.obj
c:\monstone\monstone\gamesource\externallib\ftgl-2.1.3\msvc\vc8\debug\ftextrudefont.obj
c:\monstone\monstone\gamesource\externallib\ftgl-2.1.3\msvc\vc8\debug\ftfont.obj
c:\monstone\monstone\gamesource\externallib\ftgl-2.1.3\msvc\vc8\debug\ftfontglue.obj
c:\monstone\monstone\gamesource\externallib\ftgl-2.1.3\msvc\vc8\debug\ftoutlinefont.obj
c:\monstone\monstone\gamesource\externallib\ftgl-2.1.3\msvc\vc8\debug\ftgl_static.idb
c:\monstone\monstone\gamesource\externallib\ftgl-2.1.3\msvc\vc8\debug\ftgl_static.pdb
c:\monstone\monstone\gamesource\externallib\ftgl-2.1.3\msvc\vc8\debug\ftgl_dll.tlog\cl.command.1.tlog
c:\monstone\monstone\gamesource\externallib\ftgl-2.1.3\msvc\vc8\debug\ftgl_dll.tlog\cl.read.1.tlog
c:\monstone\monstone\gamesource\externallib\ftgl-2.1.3\msvc\vc8\debug\ftgl_dll.tlog\cl.write.1.tlog
c:\monstone\monstone\gamesource\externallib\ftgl-2.1.3\msvc\vc8\debug\ftgl_dll.tlog\link.command.1.tlog
c:\monstone\monstone\gamesource\externallib\ftgl-2.1.3\msvc\vc8\debug\ftgl_dll.tlog\link.read.1.tlog
c:\monstone\monstone\gamesource\externallib\ftgl-2.1.3\msvc\vc8\debug\ftgl_dll.tlog\link.write.1.tlog
