C:\Program Files (x86)\Microsoft Visual Studio\2017\Community\Common7\IDE\VC\VCTargets\Microsoft.CppBuild.targets(387,5): warning MSB8028: 중간 디렉터리(Debug\)에 다른 프로젝트(ftgl_dll.vcxproj)에서 공유하는 파일이 포함되어 있습니다.  이로 인해 잘못된 정리 및 다시 빌드 동작이 수행될 수 있습니다.
  FTVectoriser.cpp
c:\monstone\monstone\gamesource\externallib\freetype\include\freetype\freetype.h(2619): warning C4819: 현재 코드 페이지(949)에서 표시할 수 없는 문자가 파일에 들어 있습니다. 데이터가 손실되지 않게 하려면 해당 파일을 유니코드 형식으로 저장하십시오.
  FTSize.cpp
c:\monstone\monstone\gamesource\externallib\freetype\include\freetype\freetype.h(2619): warning C4819: 현재 코드 페이지(949)에서 표시할 수 없는 문자가 파일에 들어 있습니다. 데이터가 손실되지 않게 하려면 해당 파일을 유니코드 형식으로 저장하십시오.
  FTPoint.cpp
c:\monstone\monstone\gamesource\externallib\freetype\include\freetype\freetype.h(2619): warning C4819: 현재 코드 페이지(949)에서 표시할 수 없는 문자가 파일에 들어 있습니다. 데이터가 손실되지 않게 하려면 해당 파일을 유니코드 형식으로 저장하십시오.
  FTLibrary.cpp
c:\monstone\monstone\gamesource\externallib\freetype\include\freetype\freetype.h(2619): warning C4819: 현재 코드 페이지(949)에서 표시할 수 없는 문자가 파일에 들어 있습니다. 데이터가 손실되지 않게 하려면 해당 파일을 유니코드 형식으로 저장하십시오.
  FTSimpleLayout.cpp
c:\monstone\monstone\gamesource\externallib\freetype\include\freetype\freetype.h(2619): warning C4819: 현재 코드 페이지(949)에서 표시할 수 없는 문자가 파일에 들어 있습니다. 데이터가 손실되지 않게 하려면 해당 파일을 유니코드 형식으로 저장하십시오.
  FTLayoutGlue.cpp
c:\monstone\monstone\gamesource\externallib\freetype\include\freetype\freetype.h(2619): warning C4819: 현재 코드 페이지(949)에서 표시할 수 없는 문자가 파일에 들어 있습니다. 데이터가 손실되지 않게 하려면 해당 파일을 유니코드 형식으로 저장하십시오.
  FTLayout.cpp
c:\monstone\monstone\gamesource\externallib\freetype\include\freetype\freetype.h(2619): warning C4819: 현재 코드 페이지(949)에서 표시할 수 없는 문자가 파일에 들어 있습니다. 데이터가 손실되지 않게 하려면 해당 파일을 유니코드 형식으로 저장하십시오.
  FTTextureGlyph.cpp
c:\monstone\monstone\gamesource\externallib\freetype\include\freetype\freetype.h(2619): warning C4819: 현재 코드 페이지(949)에서 표시할 수 없는 문자가 파일에 들어 있습니다. 데이터가 손실되지 않게 하려면 해당 파일을 유니코드 형식으로 저장하십시오.
c:\monstone\monstone\gamesource\externallib\ftgl-2.1.3\src\ftglyph\fttextureglyph.cpp(134): warning C4244: '=': 'double'에서 'float'(으)로 변환하면서 데이터가 손실될 수 있습니다.
c:\monstone\monstone\gamesource\externallib\ftgl-2.1.3\src\ftglyph\fttextureglyph.cpp(135): warning C4244: '=': 'double'에서 'float'(으)로 변환하면서 데이터가 손실될 수 있습니다.
  FTPolygonGlyph.cpp
c:\monstone\monstone\gamesource\externallib\freetype\include\freetype\freetype.h(2619): warning C4819: 현재 코드 페이지(949)에서 표시할 수 없는 문자가 파일에 들어 있습니다. 데이터가 손실되지 않게 하려면 해당 파일을 유니코드 형식으로 저장하십시오.
  FTPixmapGlyph.cpp
c:\monstone\monstone\gamesource\externallib\freetype\include\freetype\freetype.h(2619): warning C4819: 현재 코드 페이지(949)에서 표시할 수 없는 문자가 파일에 들어 있습니다. 데이터가 손실되지 않게 하려면 해당 파일을 유니코드 형식으로 저장하십시오.
c:\monstone\monstone\gamesource\externallib\ftgl-2.1.3\src\ftglyph\ftpixmapglyph.cpp(125): warning C4244: '=': 'double'에서 'float'(으)로 변환하면서 데이터가 손실될 수 있습니다.
c:\monstone\monstone\gamesource\externallib\ftgl-2.1.3\src\ftglyph\ftpixmapglyph.cpp(126): warning C4244: '=': 'double'에서 'float'(으)로 변환하면서 데이터가 손실될 수 있습니다.
  FTOutlineGlyph.cpp
c:\monstone\monstone\gamesource\externallib\freetype\include\freetype\freetype.h(2619): warning C4819: 현재 코드 페이지(949)에서 표시할 수 없는 문자가 파일에 들어 있습니다. 데이터가 손실되지 않게 하려면 해당 파일을 유니코드 형식으로 저장하십시오.
  FTGlyphGlue.cpp
c:\monstone\monstone\gamesource\externallib\freetype\include\freetype\freetype.h(2619): warning C4819: 현재 코드 페이지(949)에서 표시할 수 없는 문자가 파일에 들어 있습니다. 데이터가 손실되지 않게 하려면 해당 파일을 유니코드 형식으로 저장하십시오.
  FTGlyph.cpp
c:\monstone\monstone\gamesource\externallib\freetype\include\freetype\freetype.h(2619): warning C4819: 현재 코드 페이지(949)에서 표시할 수 없는 문자가 파일에 들어 있습니다. 데이터가 손실되지 않게 하려면 해당 파일을 유니코드 형식으로 저장하십시오.
  FTExtrudeGlyph.cpp
c:\monstone\monstone\gamesource\externallib\freetype\include\freetype\freetype.h(2619): warning C4819: 현재 코드 페이지(949)에서 표시할 수 없는 문자가 파일에 들어 있습니다. 데이터가 손실되지 않게 하려면 해당 파일을 유니코드 형식으로 저장하십시오.
  FTBufferGlyph.cpp
c:\monstone\monstone\gamesource\externallib\freetype\include\freetype\freetype.h(2619): warning C4819: 현재 코드 페이지(949)에서 표시할 수 없는 문자가 파일에 들어 있습니다. 데이터가 손실되지 않게 하려면 해당 파일을 유니코드 형식으로 저장하십시오.
c:\monstone\monstone\gamesource\externallib\ftgl-2.1.3\src\ftglyph\ftbufferglyph.cpp(100): warning C4018: '<': signed 또는 unsigned가 일치하지 않습니다.
c:\monstone\monstone\gamesource\externallib\ftgl-2.1.3\src\ftglyph\ftbufferglyph.cpp(105): warning C4018: '<': signed 또는 unsigned가 일치하지 않습니다.
  FTBitmapGlyph.cpp
c:\monstone\monstone\gamesource\externallib\freetype\include\freetype\freetype.h(2619): warning C4819: 현재 코드 페이지(949)에서 표시할 수 없는 문자가 파일에 들어 있습니다. 데이터가 손실되지 않게 하려면 해당 파일을 유니코드 형식으로 저장하십시오.
  FTGlyphContainer.cpp
c:\monstone\monstone\gamesource\externallib\freetype\include\freetype\freetype.h(2619): warning C4819: 현재 코드 페이지(949)에서 표시할 수 없는 문자가 파일에 들어 있습니다. 데이터가 손실되지 않게 하려면 해당 파일을 유니코드 형식으로 저장하십시오.
  FTTextureFont.cpp
c:\monstone\monstone\gamesource\externallib\freetype\include\freetype\freetype.h(2619): warning C4819: 현재 코드 페이지(949)에서 표시할 수 없는 문자가 파일에 들어 있습니다. 데이터가 손실되지 않게 하려면 해당 파일을 유니코드 형식으로 저장하십시오.
  FTPolygonFont.cpp
c:\monstone\monstone\gamesource\externallib\freetype\include\freetype\freetype.h(2619): warning C4819: 현재 코드 페이지(949)에서 표시할 수 없는 문자가 파일에 들어 있습니다. 데이터가 손실되지 않게 하려면 해당 파일을 유니코드 형식으로 저장하십시오.
  FTPixmapFont.cpp
c:\monstone\monstone\gamesource\externallib\freetype\include\freetype\freetype.h(2619): warning C4819: 현재 코드 페이지(949)에서 표시할 수 없는 문자가 파일에 들어 있습니다. 데이터가 손실되지 않게 하려면 해당 파일을 유니코드 형식으로 저장하십시오.
  코드를 생성하고 있습니다...
  컴파일하고 있습니다...
  FTOutlineFont.cpp
c:\monstone\monstone\gamesource\externallib\freetype\include\freetype\freetype.h(2619): warning C4819: 현재 코드 페이지(949)에서 표시할 수 없는 문자가 파일에 들어 있습니다. 데이터가 손실되지 않게 하려면 해당 파일을 유니코드 형식으로 저장하십시오.
  FTFontGlue.cpp
c:\monstone\monstone\gamesource\externallib\freetype\include\freetype\freetype.h(2619): warning C4819: 현재 코드 페이지(949)에서 표시할 수 없는 문자가 파일에 들어 있습니다. 데이터가 손실되지 않게 하려면 해당 파일을 유니코드 형식으로 저장하십시오.
  FTFont.cpp
c:\monstone\monstone\gamesource\externallib\freetype\include\freetype\freetype.h(2619): warning C4819: 현재 코드 페이지(949)에서 표시할 수 없는 문자가 파일에 들어 있습니다. 데이터가 손실되지 않게 하려면 해당 파일을 유니코드 형식으로 저장하십시오.
  FTExtrudeFont.cpp
c:\monstone\monstone\gamesource\externallib\freetype\include\freetype\freetype.h(2619): warning C4819: 현재 코드 페이지(949)에서 표시할 수 없는 문자가 파일에 들어 있습니다. 데이터가 손실되지 않게 하려면 해당 파일을 유니코드 형식으로 저장하십시오.
  FTBufferFont.cpp
c:\monstone\monstone\gamesource\externallib\freetype\include\freetype\freetype.h(2619): warning C4819: 현재 코드 페이지(949)에서 표시할 수 없는 문자가 파일에 들어 있습니다. 데이터가 손실되지 않게 하려면 해당 파일을 유니코드 형식으로 저장하십시오.
c:\monstone\monstone\gamesource\externallib\ftgl-2.1.3\src\ftfont\ftbufferfont.cpp(189): warning C4996: 'strdup': The POSIX name for this item is deprecated. Instead, use the ISO C and C++ conformant name: _strdup. See online help for details.
  c:\program files (x86)\windows kits\10\include\10.0.10240.0\ucrt\string.h(552): note: 'strdup' 선언을 참조하십시오.
  FTBitmapFont.cpp
c:\monstone\monstone\gamesource\externallib\freetype\include\freetype\freetype.h(2619): warning C4819: 현재 코드 페이지(949)에서 표시할 수 없는 문자가 파일에 들어 있습니다. 데이터가 손실되지 않게 하려면 해당 파일을 유니코드 형식으로 저장하십시오.
  FTFace.cpp
c:\monstone\monstone\gamesource\externallib\freetype\include\freetype\freetype.h(2619): warning C4819: 현재 코드 페이지(949)에서 표시할 수 없는 문자가 파일에 들어 있습니다. 데이터가 손실되지 않게 하려면 해당 파일을 유니코드 형식으로 저장하십시오.
  FTContour.cpp
c:\monstone\monstone\gamesource\externallib\freetype\include\freetype\freetype.h(2619): warning C4819: 현재 코드 페이지(949)에서 표시할 수 없는 문자가 파일에 들어 있습니다. 데이터가 손실되지 않게 하려면 해당 파일을 유니코드 형식으로 저장하십시오.
  FTCharmap.cpp
c:\monstone\monstone\gamesource\externallib\freetype\include\freetype\freetype.h(2619): warning C4819: 현재 코드 페이지(949)에서 표시할 수 없는 문자가 파일에 들어 있습니다. 데이터가 손실되지 않게 하려면 해당 파일을 유니코드 형식으로 저장하십시오.
  FTBuffer.cpp
c:\monstone\monstone\gamesource\externallib\freetype\include\freetype\freetype.h(2619): warning C4819: 현재 코드 페이지(949)에서 표시할 수 없는 문자가 파일에 들어 있습니다. 데이터가 손실되지 않게 하려면 해당 파일을 유니코드 형식으로 저장하십시오.
  코드를 생성하고 있습니다...
C:\Program Files (x86)\Microsoft Visual Studio\2017\Community\Common7\IDE\VC\VCTargets\Microsoft.CppBuild.targets(1371,5): warning MSB8012: TargetPath(C:\monstone\Monstone\GameSource\Debug\ftgl_static.lib)이(가) Library의 OutputFile 속성 값(C:\monstone\Monstone\GameSource\Externallib\ftgl-2.1.3\msvc\build\ftgl_static_D.lib)과 일치하지 않습니다. 이로 인해 프로젝트가 잘못 빌드될 수 있습니다. 이를 수정하려면 $(OutDir), $(TargetName) 및 $(TargetExt) 속성 값이 %(Lib.OutputFile)에 지정된 값과 일치해야 합니다.
C:\Program Files (x86)\Microsoft Visual Studio\2017\Community\Common7\IDE\VC\VCTargets\Microsoft.CppBuild.targets(1373,5): warning MSB8012: TargetName(ftgl_static)이(가) Library의 OutputFile 속성 값(ftgl_static_D)과 일치하지 않습니다. 이로 인해 프로젝트가 잘못 빌드될 수 있습니다. 이를 수정하려면 $(OutDir), $(TargetName) 및 $(TargetExt) 속성 값이 %(Lib.OutputFile)에 지정된 값과 일치해야 합니다.
  ftgl_static.vcxproj -> C:\monstone\Monstone\GameSource\Debug\ftgl_static.lib
