c:\monstone\monstone\gamesource\debugtinyxml\tinyxml.bsc
c:\monstone\monstone\gamesource\debugtinyxml\tinyxml.pdb
c:\monstone\monstone\gamesource\debugtinyxml\tinyxml.idb
c:\monstone\monstone\gamesource\debugtinyxml\tinyxmlparser.sbr
c:\monstone\monstone\gamesource\debugtinyxml\tinyxmlerror.sbr
c:\monstone\monstone\gamesource\debugtinyxml\tinyxml.sbr
c:\monstone\monstone\gamesource\debugtinyxml\tinystr.sbr
c:\monstone\monstone\gamesource\debugtinyxml\tinystr.obj
c:\monstone\monstone\gamesource\debugtinyxml\tinyxml.obj
c:\monstone\monstone\gamesource\debugtinyxml\tinyxmlerror.obj
c:\monstone\monstone\gamesource\debugtinyxml\tinyxmlparser.obj
c:\monstone\monstone\gamesource\debugtinyxml\tinyxml.lib
c:\monstone\monstone\gamesource\debugtinyxml\tinyxml.tlog\bscmake.command.1.tlog
c:\monstone\monstone\gamesource\debugtinyxml\tinyxml.tlog\bscmake.read.1.tlog
c:\monstone\monstone\gamesource\debugtinyxml\tinyxml.tlog\bscmake.write.1.tlog
c:\monstone\monstone\gamesource\debugtinyxml\tinyxml.tlog\cl.command.1.tlog
c:\monstone\monstone\gamesource\debugtinyxml\tinyxml.tlog\cl.read.1.tlog
c:\monstone\monstone\gamesource\debugtinyxml\tinyxml.tlog\cl.write.1.tlog
c:\monstone\monstone\gamesource\debugtinyxml\tinyxml.tlog\lib-link.read.1.tlog
c:\monstone\monstone\gamesource\debugtinyxml\tinyxml.tlog\lib-link.write.1.tlog
c:\monstone\monstone\gamesource\debugtinyxml\tinyxml.tlog\lib.command.1.tlog
