  Main.cpp
c:\monstone\monstone\gamesource\opengl2md2\../Externallib/FreeImage/Source/FreeImage.h : warning C4819: 현재 코드 페이지(949)에서 표시할 수 없는 문자가 파일에 들어 있습니다. 데이터가 손실되지 않게 하려면 해당 파일을 유니코드 형식으로 저장하십시오.
c:\monstone\monstone\gamesource\opengl2md2\Md2Model.h(133): warning C4290: 함수가 __declspec(nothrow)가 아님을 나타내려는 경우를 제외하고 C++ 예외 사양은 무시됩니다.
c:\monstone\monstone\gamesource\opengl2md2\MarxWorld.h(52): warning C4290: 함수가 __declspec(nothrow)가 아님을 나타내려는 경우를 제외하고 C++ 예외 사양은 무시됩니다.
c:\monstone\monstone\gamesource\opengl2md2\DataManager.h(82): warning C4290: 함수가 __declspec(nothrow)가 아님을 나타내려는 경우를 제외하고 C++ 예외 사양은 무시됩니다.
  c:\monstone\monstone\gamesource\opengl2md2\DataManager.h(100): note: 컴파일 중인 클래스 템플릿 인스턴스화 'DataManager<T,C>'에 대한 참조를 확인하세요.
c:\monstone\monstone\gamesource\opengl2md2\DataManager.inl(95): warning C4290: 함수가 __declspec(nothrow)가 아님을 나타내려는 경우를 제외하고 C++ 예외 사양은 무시됩니다.
c:\monstone\monstone\gamesource\opengl2md2\Grid.h(80): warning C4018: '>': signed 또는 unsigned가 일치하지 않습니다.
c:\monstone\monstone\gamesource\opengl2md2\Grid.h(86): warning C4018: '>': signed 또는 unsigned가 일치하지 않습니다.
c:\monstone\monstone\gamesource\opengl2md2\Grid.h(104): warning C4018: '>=': signed 또는 unsigned가 일치하지 않습니다.
c:\monstone\monstone\gamesource\opengl2md2\Grid.h(130): warning C4018: '>=': signed 또는 unsigned가 일치하지 않습니다.
c:\monstone\monstone\gamesource\opengl2md2\RootUI.h(60): warning C4101: 'msg' :참조되지 않은 지역 변수입니다.
c:\monstone\monstone\gamesource\opengl2md2\GameStadiumScreen.h(79): warning C4996: 'vsprintf': This function or variable may be unsafe. Consider using vsprintf_s instead. To disable deprecation, use _CRT_SECURE_NO_WARNINGS. See online help for details.
  C:\Program Files (x86)\Windows Kits\10\Include\10.0.16299.0\ucrt\stdio.h(1467): note: 'vsprintf' 선언을 참조하십시오.
..\..\md2loader\Main.cpp(54): error C2440: '=': 'LPCWSTR'에서 'LPCSTR'(으)로 변환할 수 없습니다.
  ..\..\md2loader\Main.cpp(54): note: 가리킨 형식이 관련이 없습니다. 변환하려면 reinterpret_cast, C 스타일 캐스트 또는 함수 스타일 캐스트가 필요합니다.
..\..\md2loader\Main.cpp(70): error C2664: 'HWND CreateWindowExA(DWORD,LPCSTR,LPCSTR,DWORD,int,int,int,int,HWND,HMENU,HINSTANCE,LPVOID)': 인수 2을(를) 'LPCWSTR'에서 'LPCSTR'(으)로 변환할 수 없습니다.
  ..\..\md2loader\Main.cpp(70): note: 가리킨 형식이 관련이 없습니다. 변환하려면 reinterpret_cast, C 스타일 캐스트 또는 함수 스타일 캐스트가 필요합니다.
..\..\md2loader\Main.cpp(30): warning C4996: 'freopen': This function or variable may be unsafe. Consider using freopen_s instead. To disable deprecation, use _CRT_SECURE_NO_WARNINGS. See online help for details.
  C:\Program Files (x86)\Windows Kits\10\Include\10.0.16299.0\ucrt\stdio.h(242): note: 'freopen' 선언을 참조하십시오.
