c:\monstone\monstone\gamesource\debugopenglmanagedcpp\vc141.pdb
c:\monstone\monstone\gamesource\debugopenglmanagedcpp\uiobjecttreecontator.obj
c:\monstone\monstone\gamesource\debugopenglmanagedcpp\uiobjectinterface.obj
c:\monstone\monstone\gamesource\debugopenglmanagedcpp\selectuiobjectinterface.obj
c:\monstone\monstone\gamesource\debugopenglmanagedcpp\selectobjectinterface.obj
c:\monstone\monstone\gamesource\debugopenglmanagedcpp\selectobjectcontator.obj
c:\monstone\monstone\gamesource\debugopenglmanagedcpp\projectsettingvaluesinterface.obj
c:\monstone\monstone\gamesource\debugopenglmanagedcpp\openglusercontrol.obj
c:\monstone\monstone\gamesource\debugopenglmanagedcpp\openglhwnd.obj
c:\monstone\monstone\gamesource\debugopenglmanagedcpp\objecttreecontator.obj
c:\monstone\monstone\gamesource\debugopenglmanagedcpp\objectinterface.obj
c:\monstone\monstone\gamesource\debugopenglmanagedcpp\helper.obj
c:\monstone\monstone\gamesource\debugopenglmanagedcpp\assemblyinfo.obj
c:\monstone\monstone\gamesource\debugopenglmanagedcpp\volkesinterfacetool.obj
c:\monstone\monstone\gamesource\debugopenglmanagedcpp\.netframework,version=v4.0.assemblyattributes.obj
c:\monstone\monstone\gamesource\debugopenglmanagedcpp\.netframework,version=v4.0.assemblyattributes.asm
c:\monstone\monstone\gamesource\debugopenglmanagedcpp\openglmanagedcpp.vcxprojresolveassemblyreference.cache
c:\monstone\monstone\gamesource\debugopenglmanagedcpp\openglmanagedcpp.tlog\cl.command.1.tlog
c:\monstone\monstone\gamesource\debugopenglmanagedcpp\openglmanagedcpp.tlog\cl.read.1.tlog
c:\monstone\monstone\gamesource\debugopenglmanagedcpp\openglmanagedcpp.tlog\cl.write.1.tlog
c:\monstone\monstone\gamesource\debugopenglmanagedcpp\openglmanagedcpp.tlog\link.command.1.tlog
c:\monstone\monstone\gamesource\debugopenglmanagedcpp\openglmanagedcpp.tlog\link.read.1.tlog
c:\monstone\monstone\gamesource\debugopenglmanagedcpp\openglmanagedcpp.tlog\link.write.1.tlog
c:\monstone\monstone\gamesource\debugopenglmanagedcpp\openglmanagedcpp.tlog\metagen.read.1.tlog
c:\monstone\monstone\gamesource\debugopenglmanagedcpp\openglmanagedcpp.tlog\metagen.write.1.tlog
c:\monstone\monstone\gamesource\debugopenglmanagedcpp\openglmanagedcpp.tlog\tzres.dll.bi
