c:\monstone\monstone\gamesource\debugluaplus_vc8\vc70.pdb
c:\monstone\monstone\gamesource\debugluaplus_vc8\vc70.idb
c:\monstone\monstone\gamesource\debugluaplus_vc8\luastate.obj
c:\monstone\monstone\gamesource\debugluaplus_vc8\luastackobject.obj
c:\monstone\monstone\gamesource\debugluaplus_vc8\luaplusfunctions.obj
c:\monstone\monstone\gamesource\debugluaplus_vc8\luaplus.obj
c:\monstone\monstone\gamesource\debugluaplus_vc8\luaobject.obj
c:\monstone\monstone\gamesource\debugluaplus_vc8\lparser.obj
c:\monstone\monstone\gamesource\debugluaplus_vc8\lopcodes.obj
c:\monstone\monstone\gamesource\debugluaplus_vc8\lobject.obj
c:\monstone\monstone\gamesource\debugluaplus_vc8\loadlib.obj
c:\monstone\monstone\gamesource\debugluaplus_vc8\lmem.obj
c:\monstone\monstone\gamesource\debugluaplus_vc8\lmathlib.obj
c:\monstone\monstone\gamesource\debugluaplus_vc8\llex.obj
c:\monstone\monstone\gamesource\debugluaplus_vc8\liolib.obj
c:\monstone\monstone\gamesource\debugluaplus_vc8\lgc.obj
c:\monstone\monstone\gamesource\debugluaplus_vc8\lfunc.obj
c:\monstone\monstone\gamesource\debugluaplus_vc8\ldump.obj
c:\monstone\monstone\gamesource\debugluaplus_vc8\ldo.obj
c:\monstone\monstone\gamesource\debugluaplus_vc8\ldebug.obj
c:\monstone\monstone\gamesource\debugluaplus_vc8\ldblib.obj
c:\monstone\monstone\gamesource\debugluaplus_vc8\lcode.obj
c:\monstone\monstone\gamesource\debugluaplus_vc8\lbaselib.obj
c:\monstone\monstone\gamesource\debugluaplus_vc8\lauxlib.obj
c:\monstone\monstone\gamesource\debugluaplus_vc8\lapi.obj
c:\monstone\monstone\gamesource\debugluaplus_vc8\lwstrlib.obj
c:\monstone\monstone\gamesource\debugluaplus_vc8\luaplusaddons.obj
c:\monstone\monstone\gamesource\debugluaplus_vc8\lzio.obj
c:\monstone\monstone\gamesource\debugluaplus_vc8\lvm.obj
c:\monstone\monstone\gamesource\debugluaplus_vc8\lundump.obj
c:\monstone\monstone\gamesource\debugluaplus_vc8\ltm.obj
c:\monstone\monstone\gamesource\debugluaplus_vc8\ltablib.obj
c:\monstone\monstone\gamesource\debugluaplus_vc8\ltable.obj
c:\monstone\monstone\gamesource\debugluaplus_vc8\lstrlib.obj
c:\monstone\monstone\gamesource\debugluaplus_vc8\lstring.obj
c:\monstone\monstone\gamesource\debugluaplus_vc8\lstate.obj
c:\monstone\monstone\gamesource\debugluaplus_vc8\luaplus.ilk
c:\monstone\monstone\gamesource\debugluaplus_vc8\luaplus.dll
c:\monstone\monstone\_scripts\vc7.1\debug\luaplus.pdb
c:\monstone\monstone\gamesource\debugluaplus_vc8\luaplus_vc8.lib
c:\monstone\monstone\gamesource\debugluaplus_vc8\luaplus_vc8.exp
c:\monstone\monstone\gamesource\debugluaplus_vc8\luaplus_vc8.tlog\cl.command.1.tlog
c:\monstone\monstone\gamesource\debugluaplus_vc8\luaplus_vc8.tlog\cl.read.1.tlog
c:\monstone\monstone\gamesource\debugluaplus_vc8\luaplus_vc8.tlog\cl.write.1.tlog
c:\monstone\monstone\gamesource\debugluaplus_vc8\luaplus_vc8.tlog\link.command.1.tlog
c:\monstone\monstone\gamesource\debugluaplus_vc8\luaplus_vc8.tlog\link.read.1.tlog
c:\monstone\monstone\gamesource\debugluaplus_vc8\luaplus_vc8.tlog\link.write.1.tlog
c:\monstone\monstone\gamesource\debugluaplus_vc8\luaplus_vc8.tlog\luaplus_vc8.write.1u.tlog
