  LuaObject.cpp
  LuaPlus.cpp
c:\program files (x86)\microsoft visual studio\2017\community\vc\tools\msvc\14.11.25503\include\type_traits(2342): warning C4577: 예외 처리 모드를 지정하지 않고 'noexcept'가 사용되었습니다. 예외 시 종료가 보장되지 않습니다. /EHsc를 지정하세요.
  LuaPlusFunctions.cpp
  LuaStackObject.cpp
  LuaState.cpp
c:\monstone\monstone\gamesource\externallib\luaplus_src\luaplus\luastate.cpp(523): warning C4457: 'value' 선언은 함수 매개 변수를 숨깁니다.
  c:\monstone\monstone\gamesource\externallib\luaplus_src\luaplus\luastate.cpp(389): note: 'value' 선언을 참조하십시오.
c:\monstone\monstone\gamesource\externallib\luaplus_src\luaplus\luastate.cpp(563): warning C4457: 'key' 선언은 함수 매개 변수를 숨깁니다.
  c:\monstone\monstone\gamesource\externallib\luaplus_src\luaplus\luastate.cpp(389): note: 'key' 선언을 참조하십시오.
c:\monstone\monstone\gamesource\externallib\luaplus_src\luaplus\luastate.cpp(637): warning C4457: 'key' 선언은 함수 매개 변수를 숨깁니다.
  c:\monstone\monstone\gamesource\externallib\luaplus_src\luaplus\luastate.cpp(389): note: 'key' 선언을 참조하십시오.
  코드를 생성하고 있습니다...
c:\monstone\monstone\gamesource\externallib\luaplus_src\luaplus\luaplus.cpp(279): warning C4702: 접근할 수 없는 코드입니다.
  LuaPlusAddons.c
  lwstrlib.c
c:\monstone\monstone\gamesource\externallib\luaplus_src\luaplus\lwstrlib.c(998): warning C4456: 'i' 선언은 이전 로컬 선언을 숨깁니다.
  c:\monstone\monstone\gamesource\externallib\luaplus_src\luaplus\lwstrlib.c(967): note: 'i' 선언을 참조하십시오.
  lapi.c
  lauxlib.c
  lbaselib.c
c:\monstone\monstone\gamesource\externallib\luaplus_src\luaplus\src\lib\lbaselib.c(443): warning C4477: 'sprintf' : 서식 문자열 '%.40s'에 'char *' 형식의 인수가 필요하지만 variadic 인수 1의 형식이 'int'입니다.
  lcode.c
  ldblib.c
  ldebug.c
  ldo.c
  ldump.c
  lfunc.c
  lgc.c
  liolib.c
  llex.c
  lmathlib.c
  lmem.c
  loadlib.c
  lobject.c
  lopcodes.c
  lparser.c
  코드를 생성하고 있습니다...
c:\monstone\monstone\gamesource\externallib\luaplus_src\luaplus\src\lib\liolib.c(813): warning C4702: 접근할 수 없는 코드입니다.
  컴파일하고 있습니다...
  lstate.c
  lstring.c
  lstrlib.c
c:\monstone\monstone\gamesource\externallib\luaplus_src\luaplus\src\lib\lstrlib.c(988): warning C4456: 'i' 선언은 이전 로컬 선언을 숨깁니다.
  c:\monstone\monstone\gamesource\externallib\luaplus_src\luaplus\src\lib\lstrlib.c(957): note: 'i' 선언을 참조하십시오.
  ltable.c
  ltablib.c
  ltm.c
  lundump.c
  lvm.c
c:\monstone\monstone\gamesource\externallib\luaplus_src\luaplus\src\lvm.c(351): warning C4456: 'top' 선언은 이전 로컬 선언을 숨깁니다.
  c:\monstone\monstone\gamesource\externallib\luaplus_src\luaplus\src\lvm.c(337): note: 'top' 선언을 참조하십시오.
c:\monstone\monstone\gamesource\externallib\luaplus_src\luaplus\src\lvm.c(361): warning C4456: 'i' 선언은 이전 로컬 선언을 숨깁니다.
  c:\monstone\monstone\gamesource\externallib\luaplus_src\luaplus\src\lvm.c(336): note: 'i' 선언을 참조하십시오.
c:\monstone\monstone\gamesource\externallib\luaplus_src\luaplus\src\lvm.c(381): warning C4456: 'top' 선언은 이전 로컬 선언을 숨깁니다.
  c:\monstone\monstone\gamesource\externallib\luaplus_src\luaplus\src\lvm.c(337): note: 'top' 선언을 참조하십시오.
c:\monstone\monstone\gamesource\externallib\luaplus_src\luaplus\src\lvm.c(391): warning C4456: 'i' 선언은 이전 로컬 선언을 숨깁니다.
  c:\monstone\monstone\gamesource\externallib\luaplus_src\luaplus\src\lvm.c(336): note: 'i' 선언을 참조하십시오.
  lzio.c
  코드를 생성하고 있습니다...
C:\Program Files (x86)\Microsoft Visual Studio\2017\Community\Common7\IDE\VC\VCTargets\Microsoft.CppBuild.targets(1198,5): warning MSB8012: TargetPath(C:\monstone\Monstone\GameSource\DebugLuaPlus_VC8\LuaPlus_VC8.dll)이(가) Linker의 OutputFile 속성 값(C:\monstone\Monstone\GameSource\DebugLuaPlus_VC8\LuaPlus.dll)과 일치하지 않습니다. 이로 인해 프로젝트가 잘못 빌드될 수 있습니다. 이를 수정하려면 $(OutDir), $(TargetName) 및 $(TargetExt) 속성 값이 %(Link.OutputFile)에 지정된 값과 일치해야 합니다.
C:\Program Files (x86)\Microsoft Visual Studio\2017\Community\Common7\IDE\VC\VCTargets\Microsoft.CppBuild.targets(1200,5): warning MSB8012: TargetName(LuaPlus_VC8)이(가) Linker의 OutputFile 속성 값(LuaPlus)과 일치하지 않습니다. 이로 인해 프로젝트가 잘못 빌드될 수 있습니다. 이를 수정하려면 $(OutDir), $(TargetName) 및 $(TargetExt) 속성 값이 %(Link.OutputFile)에 지정된 값과 일치해야 합니다.
LuaObject.obj : warning LNK4075: '/EDITANDCONTINUE'이(가) '/SAFESEH' 사양으로 인해 무시됩니다.
     C:\monstone\Monstone\GameSource\DebugLuaPlus_VC8\LuaPlus_VC8.lib 라이브러리 및 C:\monstone\Monstone\GameSource\DebugLuaPlus_VC8\LuaPlus_VC8.exp 개체를 생성하고 있습니다.
  LuaPlus_VC.vcxproj -> C:\monstone\Monstone\GameSource\DebugLuaPlus_VC8\LuaPlus_VC8.dll
