c:\monstone\monstone\gamesource\debugopengl2md2\opengl2md2.pdb
c:\monstone\monstone\gamesource\debugopengl2md2\opengl2md2.idb
c:\monstone\monstone\gamesource\debugopengl2md2\md2object.obj
c:\monstone\monstone\gamesource\debugopengl2md2\marxworld.obj
c:\monstone\monstone\gamesource\debugopengl2md2\objectmanager.obj
c:\monstone\monstone\gamesource\debugopengl2md2\objectmove.obj
c:\monstone\monstone\gamesource\debugopengl2md2\objectnumberingmananger.obj
c:\monstone\monstone\gamesource\debugopengl2md2\opengl2md2.obj
c:\monstone\monstone\gamesource\debugopengl2md2\penal.obj
c:\monstone\monstone\gamesource\debugopengl2md2\piecemodel.obj
c:\monstone\monstone\gamesource\debugopengl2md2\projectloader.obj
c:\monstone\monstone\gamesource\debugopengl2md2\rootui.obj
c:\monstone\monstone\gamesource\debugopengl2md2\selectableobject.obj
c:\monstone\monstone\gamesource\debugopengl2md2\soundmanager.obj
c:\monstone\monstone\gamesource\debugopengl2md2\stagemanager.obj
c:\monstone\monstone\gamesource\debugopengl2md2\stringformat.obj
c:\monstone\monstone\gamesource\debugopengl2md2\texture.obj
c:\monstone\monstone\gamesource\debugopengl2md2\tinyfont.obj
c:\monstone\monstone\gamesource\debugopengl2md2\uibase.obj
c:\monstone\monstone\gamesource\debugopengl2md2\cxboxcontroller.obj
c:\monstone\monstone\gamesource\debugopengl2md2\viewcamera.obj
c:\monstone\monstone\gamesource\debugopengl2md2\xboxcontrollermanager.obj
c:\monstone\monstone\gamesource\debugopengl2md2\animatinonbase.obj
c:\monstone\monstone\gamesource\debugopengl2md2\animation.obj
c:\monstone\monstone\gamesource\debugopengl2md2\attacheable.obj
c:\monstone\monstone\gamesource\debugopengl2md2\collisionmap.obj
c:\monstone\monstone\gamesource\debugopengl2md2\collisionmapcreater.obj
c:\monstone\monstone\gamesource\debugopengl2md2\eyemousemove.obj
c:\monstone\monstone\gamesource\debugopengl2md2\ingameui.obj
c:\monstone\monstone\gamesource\debugopengl2md2\kingcontrol.obj
c:\monstone\monstone\gamesource\debugopengl2md2\exgamegraphicinfo.obj
c:\monstone\monstone\gamesource\debugopengl2md2\image.obj
c:\monstone\monstone\gamesource\debugopengl2md2\imagecontrol.obj
c:\monstone\monstone\gamesource\debugopengl2md2\imageloader.obj
c:\monstone\monstone\gamesource\debugopengl2md2\kardnamefactory.obj
c:\monstone\monstone\gamesource\debugopengl2md2\loadingscreen.obj
c:\monstone\monstone\gamesource\debugopengl2md2\luamanager.obj
c:\monstone\monstone\gamesource\debugopengl2md2\luascriptattached.obj
c:\monstone\monstone\gamesource\debugopengl2md2\mainscreen.obj
c:\monstone\monstone\gamesource\debugopengl2md2\marxobject.obj
c:\monstone\monstone\gamesource\debugopengl2md2\mashmanager.obj
c:\monstone\monstone\gamesource\debugopengl2md2\md2model.obj
c:\monstone\monstone\gamesource\debugopengl2md2\texturemanager.obj
c:\monstone\monstone\gamesource\debugopengl2md2\quad.obj
c:\monstone\monstone\gamesource\debugopengl2md2\opengl2md2.lib
c:\monstone\monstone\gamesource\debugopengl2md2\opengl2md2.tlog\cl.command.1.tlog
c:\monstone\monstone\gamesource\debugopengl2md2\opengl2md2.tlog\cl.read.1.tlog
c:\monstone\monstone\gamesource\debugopengl2md2\opengl2md2.tlog\cl.write.1.tlog
c:\monstone\monstone\gamesource\debugopengl2md2\opengl2md2.tlog\lib-link.read.1.tlog
c:\monstone\monstone\gamesource\debugopengl2md2\opengl2md2.tlog\lib-link.write.1.tlog
c:\monstone\monstone\gamesource\debugopengl2md2\opengl2md2.tlog\lib.command.1.tlog
