c:\monstone\monstone\gamesource\externallib\freeimage\source\libopenjpeg\win32\debug\libopenjpeg.pdb
c:\monstone\monstone\gamesource\externallib\freeimage\source\libopenjpeg\win32\debug\libopenjpeg.idb
c:\monstone\monstone\gamesource\externallib\freeimage\source\libopenjpeg\win32\debug\tgt.obj
c:\monstone\monstone\gamesource\externallib\freeimage\source\libopenjpeg\win32\debug\tcd.obj
c:\monstone\monstone\gamesource\externallib\freeimage\source\libopenjpeg\win32\debug\t2.obj
c:\monstone\monstone\gamesource\externallib\freeimage\source\libopenjpeg\win32\debug\t1.obj
c:\monstone\monstone\gamesource\externallib\freeimage\source\libopenjpeg\win32\debug\raw.obj
c:\monstone\monstone\gamesource\externallib\freeimage\source\libopenjpeg\win32\debug\pi.obj
c:\monstone\monstone\gamesource\externallib\freeimage\source\libopenjpeg\win32\debug\opj_clock.obj
c:\monstone\monstone\gamesource\externallib\freeimage\source\libopenjpeg\win32\debug\openjpeg.obj
c:\monstone\monstone\gamesource\externallib\freeimage\source\libopenjpeg\win32\debug\mqc.obj
c:\monstone\monstone\gamesource\externallib\freeimage\source\libopenjpeg\win32\debug\mct.obj
c:\monstone\monstone\gamesource\externallib\freeimage\source\libopenjpeg\win32\debug\jp2.obj
c:\monstone\monstone\gamesource\externallib\freeimage\source\libopenjpeg\win32\debug\j2k.obj
c:\monstone\monstone\gamesource\externallib\freeimage\source\libopenjpeg\win32\debug\invert.obj
c:\monstone\monstone\gamesource\externallib\freeimage\source\libopenjpeg\win32\debug\image.obj
c:\monstone\monstone\gamesource\externallib\freeimage\source\libopenjpeg\win32\debug\function_list.obj
c:\monstone\monstone\gamesource\externallib\freeimage\source\libopenjpeg\win32\debug\event.obj
c:\monstone\monstone\gamesource\externallib\freeimage\source\libopenjpeg\win32\debug\dwt.obj
c:\monstone\monstone\gamesource\externallib\freeimage\source\libopenjpeg\win32\debug\cio.obj
c:\monstone\monstone\gamesource\externallib\freeimage\source\libopenjpeg\win32\debug\bio.obj
c:\monstone\monstone\gamesource\externallib\freeimage\source\libopenjpeg\win32\debug\libopenjpeg.lib
c:\monstone\monstone\gamesource\externallib\freeimage\source\libopenjpeg\.\win32\debug\libopenjpeg.lib
c:\monstone\monstone\gamesource\externallib\freeimage\source\libopenjpeg\win32\debug\libopenjpeg.tlog\cl.command.1.tlog
c:\monstone\monstone\gamesource\externallib\freeimage\source\libopenjpeg\win32\debug\libopenjpeg.tlog\cl.read.1.tlog
c:\monstone\monstone\gamesource\externallib\freeimage\source\libopenjpeg\win32\debug\libopenjpeg.tlog\cl.write.1.tlog
c:\monstone\monstone\gamesource\externallib\freeimage\source\libopenjpeg\win32\debug\libopenjpeg.tlog\lib-link.read.1.tlog
c:\monstone\monstone\gamesource\externallib\freeimage\source\libopenjpeg\win32\debug\libopenjpeg.tlog\lib-link.write.1.tlog
c:\monstone\monstone\gamesource\externallib\freeimage\source\libopenjpeg\win32\debug\libopenjpeg.tlog\lib.command.1.tlog
