  bio.c
  cio.c
  dwt.c
  event.c
  function_list.c
  image.c
  invert.c
  j2k.c
  jp2.c
c:\monstone\monstone\gamesource\externallib\freeimage\source\libopenjpeg\jp2.c(873): warning C4819: 현재 코드 페이지(949)에서 표시할 수 없는 문자가 파일에 들어 있습니다. 데이터가 손실되지 않게 하려면 해당 파일을 유니코드 형식으로 저장하십시오.
  mct.c
  mqc.c
  openjpeg.c
  opj_clock.c
  pi.c
  raw.c
  t1.c
  t2.c
  tcd.c
  tgt.c
  코드를 생성하고 있습니다...
  LibOpenJPEG.2013.vcxproj -> C:\monstone\Monstone\GameSource\Externallib\FreeImage\Source\LibOpenJPEG\.\Win32\Debug\LibOpenJPEG.lib
