e:\monstone\gamesource\notepadppplugin\nppplugintemplate\ansi debug\vc110.pdb
c:\monstone\monstone\gamesource\notepadppplugin\nppplugintemplate\ansi debug\vc141.pdb
c:\monstone\monstone\gamesource\notepadppplugin\nppplugintemplate\ansi debug\vc141.idb
c:\monstone\monstone\gamesource\notepadppplugin\nppplugintemplate\ansi debug\nppplugindemo.obj
c:\monstone\monstone\gamesource\notepadppplugin\nppplugintemplate\ansi debug\plugindefinition.obj
c:\monstone\monstone\gamesource\notepadppplugin\nppplugintemplate\ansi debug\nppplugintemplate_debuga.ilk
c:\monstone\monstone\gamesource\notepadppplugin\nppplugintemplate\ansi debug\nppplugintemplate_debuga.dll
c:\monstone\monstone\gamesource\notepadppplugin\nppplugintemplate\ansi debug\nppplugintemplate.pdb
c:\monstone\monstone\gamesource\notepadppplugin\nppplugintemplate\ansi debug\nppplugintemplate.lib
c:\monstone\monstone\gamesource\notepadppplugin\nppplugintemplate\ansi debug\nppplugintemplate.exp
c:\monstone\monstone\gamesource\notepadppplugin\nppplugintemplate\ansi debug\cl.command.1.tlog
c:\monstone\monstone\gamesource\notepadppplugin\nppplugintemplate\ansi debug\cl.read.1.tlog
c:\monstone\monstone\gamesource\notepadppplugin\nppplugintemplate\ansi debug\cl.write.1.tlog
c:\monstone\monstone\gamesource\notepadppplugin\nppplugintemplate\ansi debug\nppplugi.1590d7cd.tlog\cl.command.1.tlog
c:\monstone\monstone\gamesource\notepadppplugin\nppplugintemplate\ansi debug\nppplugi.1590d7cd.tlog\cl.read.1.tlog
c:\monstone\monstone\gamesource\notepadppplugin\nppplugintemplate\ansi debug\nppplugi.1590d7cd.tlog\cl.write.1.tlog
c:\monstone\monstone\gamesource\notepadppplugin\nppplugintemplate\ansi debug\nppplugi.1590d7cd.tlog\link.command.1.tlog
c:\monstone\monstone\gamesource\notepadppplugin\nppplugintemplate\ansi debug\nppplugi.1590d7cd.tlog\link.read.1.tlog
c:\monstone\monstone\gamesource\notepadppplugin\nppplugintemplate\ansi debug\nppplugi.1590d7cd.tlog\link.write.1.tlog
c:\monstone\monstone\gamesource\notepadppplugin\nppplugintemplate\ansi debug\nppplugi.1590d7cd.tlog\nppplugintemplate.write.1u.tlog
