  FTBuffer.cpp
C:\monstone\Monstone\GameSource\Externallib\freetype\include\freetype/freetype.h(2619): warning C4819: 현재 코드 페이지(949)에서 표시할 수 없는 문자가 파일에 들어 있습니다. 데이터가 손실되지 않게 하려면 해당 파일을 유니코드 형식으로 저장하십시오.
  FTCharmap.cpp
C:\monstone\Monstone\GameSource\Externallib\freetype\include\freetype/freetype.h(2619): warning C4819: 현재 코드 페이지(949)에서 표시할 수 없는 문자가 파일에 들어 있습니다. 데이터가 손실되지 않게 하려면 해당 파일을 유니코드 형식으로 저장하십시오.
  FTContour.cpp
C:\monstone\Monstone\GameSource\Externallib\freetype\include\freetype/freetype.h(2619): warning C4819: 현재 코드 페이지(949)에서 표시할 수 없는 문자가 파일에 들어 있습니다. 데이터가 손실되지 않게 하려면 해당 파일을 유니코드 형식으로 저장하십시오.
  FTFace.cpp
C:\monstone\Monstone\GameSource\Externallib\freetype\include\freetype/freetype.h(2619): warning C4819: 현재 코드 페이지(949)에서 표시할 수 없는 문자가 파일에 들어 있습니다. 데이터가 손실되지 않게 하려면 해당 파일을 유니코드 형식으로 저장하십시오.
  FTBitmapFont.cpp
C:\monstone\Monstone\GameSource\Externallib\freetype\include\freetype/freetype.h(2619): warning C4819: 현재 코드 페이지(949)에서 표시할 수 없는 문자가 파일에 들어 있습니다. 데이터가 손실되지 않게 하려면 해당 파일을 유니코드 형식으로 저장하십시오.
  FTBufferFont.cpp
C:\monstone\Monstone\GameSource\Externallib\freetype\include\freetype/freetype.h(2619): warning C4819: 현재 코드 페이지(949)에서 표시할 수 없는 문자가 파일에 들어 있습니다. 데이터가 손실되지 않게 하려면 해당 파일을 유니코드 형식으로 저장하십시오.
..\..\src\FTFont\FTBufferFont.cpp(189): warning C4996: 'strdup': The POSIX name for this item is deprecated. Instead, use the ISO C and C++ conformant name: _strdup. See online help for details.
  C:\Program Files (x86)\Windows Kits\10\Include\10.0.16299.0\ucrt\string.h(538): note: 'strdup' 선언을 참조하십시오.
  FTExtrudeFont.cpp
C:\monstone\Monstone\GameSource\Externallib\freetype\include\freetype/freetype.h(2619): warning C4819: 현재 코드 페이지(949)에서 표시할 수 없는 문자가 파일에 들어 있습니다. 데이터가 손실되지 않게 하려면 해당 파일을 유니코드 형식으로 저장하십시오.
  FTFont.cpp
C:\monstone\Monstone\GameSource\Externallib\freetype\include\freetype/freetype.h(2619): warning C4819: 현재 코드 페이지(949)에서 표시할 수 없는 문자가 파일에 들어 있습니다. 데이터가 손실되지 않게 하려면 해당 파일을 유니코드 형식으로 저장하십시오.
  FTFontGlue.cpp
C:\monstone\Monstone\GameSource\Externallib\freetype\include\freetype/freetype.h(2619): warning C4819: 현재 코드 페이지(949)에서 표시할 수 없는 문자가 파일에 들어 있습니다. 데이터가 손실되지 않게 하려면 해당 파일을 유니코드 형식으로 저장하십시오.
  FTOutlineFont.cpp
C:\monstone\Monstone\GameSource\Externallib\freetype\include\freetype/freetype.h(2619): warning C4819: 현재 코드 페이지(949)에서 표시할 수 없는 문자가 파일에 들어 있습니다. 데이터가 손실되지 않게 하려면 해당 파일을 유니코드 형식으로 저장하십시오.
  FTPixmapFont.cpp
C:\monstone\Monstone\GameSource\Externallib\freetype\include\freetype/freetype.h(2619): warning C4819: 현재 코드 페이지(949)에서 표시할 수 없는 문자가 파일에 들어 있습니다. 데이터가 손실되지 않게 하려면 해당 파일을 유니코드 형식으로 저장하십시오.
  FTPolygonFont.cpp
C:\monstone\Monstone\GameSource\Externallib\freetype\include\freetype/freetype.h(2619): warning C4819: 현재 코드 페이지(949)에서 표시할 수 없는 문자가 파일에 들어 있습니다. 데이터가 손실되지 않게 하려면 해당 파일을 유니코드 형식으로 저장하십시오.
  FTTextureFont.cpp
C:\monstone\Monstone\GameSource\Externallib\freetype\include\freetype/freetype.h(2619): warning C4819: 현재 코드 페이지(949)에서 표시할 수 없는 문자가 파일에 들어 있습니다. 데이터가 손실되지 않게 하려면 해당 파일을 유니코드 형식으로 저장하십시오.
  FTGlyphContainer.cpp
C:\monstone\Monstone\GameSource\Externallib\freetype\include\freetype/freetype.h(2619): warning C4819: 현재 코드 페이지(949)에서 표시할 수 없는 문자가 파일에 들어 있습니다. 데이터가 손실되지 않게 하려면 해당 파일을 유니코드 형식으로 저장하십시오.
  FTBitmapGlyph.cpp
C:\monstone\Monstone\GameSource\Externallib\freetype\include\freetype/freetype.h(2619): warning C4819: 현재 코드 페이지(949)에서 표시할 수 없는 문자가 파일에 들어 있습니다. 데이터가 손실되지 않게 하려면 해당 파일을 유니코드 형식으로 저장하십시오.
  FTBufferGlyph.cpp
C:\monstone\Monstone\GameSource\Externallib\freetype\include\freetype/freetype.h(2619): warning C4819: 현재 코드 페이지(949)에서 표시할 수 없는 문자가 파일에 들어 있습니다. 데이터가 손실되지 않게 하려면 해당 파일을 유니코드 형식으로 저장하십시오.
..\..\src\FTGlyph\FTBufferGlyph.cpp(100): warning C4018: '<': signed 또는 unsigned가 일치하지 않습니다.
..\..\src\FTGlyph\FTBufferGlyph.cpp(105): warning C4018: '<': signed 또는 unsigned가 일치하지 않습니다.
  FTExtrudeGlyph.cpp
C:\monstone\Monstone\GameSource\Externallib\freetype\include\freetype/freetype.h(2619): warning C4819: 현재 코드 페이지(949)에서 표시할 수 없는 문자가 파일에 들어 있습니다. 데이터가 손실되지 않게 하려면 해당 파일을 유니코드 형식으로 저장하십시오.
  FTGlyph.cpp
C:\monstone\Monstone\GameSource\Externallib\freetype\include\freetype/freetype.h(2619): warning C4819: 현재 코드 페이지(949)에서 표시할 수 없는 문자가 파일에 들어 있습니다. 데이터가 손실되지 않게 하려면 해당 파일을 유니코드 형식으로 저장하십시오.
  FTGlyphGlue.cpp
C:\monstone\Monstone\GameSource\Externallib\freetype\include\freetype/freetype.h(2619): warning C4819: 현재 코드 페이지(949)에서 표시할 수 없는 문자가 파일에 들어 있습니다. 데이터가 손실되지 않게 하려면 해당 파일을 유니코드 형식으로 저장하십시오.
  FTOutlineGlyph.cpp
C:\monstone\Monstone\GameSource\Externallib\freetype\include\freetype/freetype.h(2619): warning C4819: 현재 코드 페이지(949)에서 표시할 수 없는 문자가 파일에 들어 있습니다. 데이터가 손실되지 않게 하려면 해당 파일을 유니코드 형식으로 저장하십시오.
  컴파일하고 있습니다...
  FTPixmapGlyph.cpp
C:\monstone\Monstone\GameSource\Externallib\freetype\include\freetype/freetype.h(2619): warning C4819: 현재 코드 페이지(949)에서 표시할 수 없는 문자가 파일에 들어 있습니다. 데이터가 손실되지 않게 하려면 해당 파일을 유니코드 형식으로 저장하십시오.
..\..\src\FTGlyph\FTPixmapGlyph.cpp(125): warning C4244: '=': 'double'에서 'float'(으)로 변환하면서 데이터가 손실될 수 있습니다.
..\..\src\FTGlyph\FTPixmapGlyph.cpp(126): warning C4244: '=': 'double'에서 'float'(으)로 변환하면서 데이터가 손실될 수 있습니다.
  FTPolygonGlyph.cpp
C:\monstone\Monstone\GameSource\Externallib\freetype\include\freetype/freetype.h(2619): warning C4819: 현재 코드 페이지(949)에서 표시할 수 없는 문자가 파일에 들어 있습니다. 데이터가 손실되지 않게 하려면 해당 파일을 유니코드 형식으로 저장하십시오.
  FTTextureGlyph.cpp
C:\monstone\Monstone\GameSource\Externallib\freetype\include\freetype/freetype.h(2619): warning C4819: 현재 코드 페이지(949)에서 표시할 수 없는 문자가 파일에 들어 있습니다. 데이터가 손실되지 않게 하려면 해당 파일을 유니코드 형식으로 저장하십시오.
..\..\src\FTGlyph\FTTextureGlyph.cpp(134): warning C4244: '=': 'double'에서 'float'(으)로 변환하면서 데이터가 손실될 수 있습니다.
..\..\src\FTGlyph\FTTextureGlyph.cpp(135): warning C4244: '=': 'double'에서 'float'(으)로 변환하면서 데이터가 손실될 수 있습니다.
  FTLayout.cpp
C:\monstone\Monstone\GameSource\Externallib\freetype\include\freetype/freetype.h(2619): warning C4819: 현재 코드 페이지(949)에서 표시할 수 없는 문자가 파일에 들어 있습니다. 데이터가 손실되지 않게 하려면 해당 파일을 유니코드 형식으로 저장하십시오.
  FTLayoutGlue.cpp
C:\monstone\Monstone\GameSource\Externallib\freetype\include\freetype/freetype.h(2619): warning C4819: 현재 코드 페이지(949)에서 표시할 수 없는 문자가 파일에 들어 있습니다. 데이터가 손실되지 않게 하려면 해당 파일을 유니코드 형식으로 저장하십시오.
  FTSimpleLayout.cpp
C:\monstone\Monstone\GameSource\Externallib\freetype\include\freetype/freetype.h(2619): warning C4819: 현재 코드 페이지(949)에서 표시할 수 없는 문자가 파일에 들어 있습니다. 데이터가 손실되지 않게 하려면 해당 파일을 유니코드 형식으로 저장하십시오.
  FTLibrary.cpp
C:\monstone\Monstone\GameSource\Externallib\freetype\include\freetype/freetype.h(2619): warning C4819: 현재 코드 페이지(949)에서 표시할 수 없는 문자가 파일에 들어 있습니다. 데이터가 손실되지 않게 하려면 해당 파일을 유니코드 형식으로 저장하십시오.
  FTPoint.cpp
C:\monstone\Monstone\GameSource\Externallib\freetype\include\freetype/freetype.h(2619): warning C4819: 현재 코드 페이지(949)에서 표시할 수 없는 문자가 파일에 들어 있습니다. 데이터가 손실되지 않게 하려면 해당 파일을 유니코드 형식으로 저장하십시오.
  FTSize.cpp
C:\monstone\Monstone\GameSource\Externallib\freetype\include\freetype/freetype.h(2619): warning C4819: 현재 코드 페이지(949)에서 표시할 수 없는 문자가 파일에 들어 있습니다. 데이터가 손실되지 않게 하려면 해당 파일을 유니코드 형식으로 저장하십시오.
  FTVectoriser.cpp
C:\monstone\Monstone\GameSource\Externallib\freetype\include\freetype/freetype.h(2619): warning C4819: 현재 코드 페이지(949)에서 표시할 수 없는 문자가 파일에 들어 있습니다. 데이터가 손실되지 않게 하려면 해당 파일을 유니코드 형식으로 저장하십시오.
C:\Program Files (x86)\Microsoft Visual Studio\2017\Community\Common7\IDE\VC\VCTargets\Microsoft.CppBuild.targets(1371,5): warning MSB8012: TargetPath(C:\monstone\Monstone\GameSource\Release\ftgl_static.lib)이(가) Library의 OutputFile 속성 값(C:\monstone\Monstone\GameSource\Externallib\ftgl-2.1.3\msvc\build\ftgl_static.lib)과 일치하지 않습니다. 이로 인해 프로젝트가 잘못 빌드될 수 있습니다. 이를 수정하려면 $(OutDir), $(TargetName) 및 $(TargetExt) 속성 값이 %(Lib.OutputFile)에 지정된 값과 일치해야 합니다.
  ftgl_static.vcxproj -> C:\monstone\Monstone\GameSource\Release\ftgl_static.lib
