  tif_aux.c
  tif_close.c
  tif_codec.c
  tif_color.c
  tif_compress.c
  tif_dir.c
  tif_dirinfo.c
  tif_dirread.c
  tif_dirwrite.c
  tif_dumpmode.c
  tif_error.c
  tif_extension.c
  tif_fax3.c
  tif_fax3sm.c
  tif_flush.c
  tif_getimage.c
  tif_jpeg.c
  tif_luv.c
  tif_lzma.c
  tif_lzw.c
  코드를 생성하고 있습니다...
  컴파일하고 있습니다...
  tif_next.c
  tif_ojpeg.c
c:\monstone\monstone\gamesource\externallib\freeimage\source\libtiff4\tif_ojpeg.c(618): warning C4477: 'fprintf' : 서식 문자열 '%lu'에 'unsigned long' 형식의 인수가 필요하지만 variadic 인수 1의 형식이 'uint64'입니다.
  c:\monstone\monstone\gamesource\externallib\freeimage\source\libtiff4\tif_ojpeg.c(618): note: 서식 문자열에서 '%llu'을(를) 사용하는 것이 좋습니다.
  c:\monstone\monstone\gamesource\externallib\freeimage\source\libtiff4\tif_ojpeg.c(618): note: 서식 문자열에서 '%I64u'을(를) 사용하는 것이 좋습니다.
c:\monstone\monstone\gamesource\externallib\freeimage\source\libtiff4\tif_ojpeg.c(620): warning C4477: 'fprintf' : 서식 문자열 '%lu'에 'unsigned long' 형식의 인수가 필요하지만 variadic 인수 1의 형식이 'uint64'입니다.
  c:\monstone\monstone\gamesource\externallib\freeimage\source\libtiff4\tif_ojpeg.c(620): note: 서식 문자열에서 '%llu'을(를) 사용하는 것이 좋습니다.
  c:\monstone\monstone\gamesource\externallib\freeimage\source\libtiff4\tif_ojpeg.c(620): note: 서식 문자열에서 '%I64u'을(를) 사용하는 것이 좋습니다.
c:\monstone\monstone\gamesource\externallib\freeimage\source\libtiff4\tif_ojpeg.c(625): warning C4477: 'fprintf' : 서식 문자열 '%lu'에 'unsigned long' 형식의 인수가 필요하지만 variadic 인수 1의 형식이 'uint64'입니다.
  c:\monstone\monstone\gamesource\externallib\freeimage\source\libtiff4\tif_ojpeg.c(625): note: 서식 문자열에서 '%llu'을(를) 사용하는 것이 좋습니다.
  c:\monstone\monstone\gamesource\externallib\freeimage\source\libtiff4\tif_ojpeg.c(625): note: 서식 문자열에서 '%I64u'을(를) 사용하는 것이 좋습니다.
c:\monstone\monstone\gamesource\externallib\freeimage\source\libtiff4\tif_ojpeg.c(632): warning C4477: 'fprintf' : 서식 문자열 '%lu'에 'unsigned long' 형식의 인수가 필요하지만 variadic 인수 1의 형식이 'uint64'입니다.
  c:\monstone\monstone\gamesource\externallib\freeimage\source\libtiff4\tif_ojpeg.c(632): note: 서식 문자열에서 '%llu'을(를) 사용하는 것이 좋습니다.
  c:\monstone\monstone\gamesource\externallib\freeimage\source\libtiff4\tif_ojpeg.c(632): note: 서식 문자열에서 '%I64u'을(를) 사용하는 것이 좋습니다.
c:\monstone\monstone\gamesource\externallib\freeimage\source\libtiff4\tif_ojpeg.c(639): warning C4477: 'fprintf' : 서식 문자열 '%lu'에 'unsigned long' 형식의 인수가 필요하지만 variadic 인수 1의 형식이 'uint64'입니다.
  c:\monstone\monstone\gamesource\externallib\freeimage\source\libtiff4\tif_ojpeg.c(639): note: 서식 문자열에서 '%llu'을(를) 사용하는 것이 좋습니다.
  c:\monstone\monstone\gamesource\externallib\freeimage\source\libtiff4\tif_ojpeg.c(639): note: 서식 문자열에서 '%I64u'을(를) 사용하는 것이 좋습니다.
  tif_open.c
  tif_packbits.c
  tif_pixarlog.c
  tif_predict.c
  tif_print.c
  tif_read.c
  tif_strip.c
  tif_swab.c
  tif_thunder.c
  tif_tile.c
  tif_version.c
  tif_warning.c
  tif_write.c
  tif_zip.c
  코드를 생성하고 있습니다...
  LibTIFF4.2013.vcxproj -> C:\monstone\Monstone\GameSource\Externallib\FreeImage\Source\LibTIFF4\.\Win32\Debug\LibTIFF4.lib
