c:\monstone\monstone\gamesource\debugmonstonewin32\vc141.pdb
c:\monstone\monstone\gamesource\debugmonstonewin32\vc141.idb
c:\monstone\monstone\gamesource\debugmonstonewin32\vc140.pdb
c:\monstone\monstone\gamesource\debugmonstonewin32\vc140.idb
c:\monstone\monstone\gamesource\debugmonstonewin32\main.obj
c:\monstone\monstone\gamesource\..\gameclient\win32\debug\monstonewin32.pdb
c:\monstone\monstone\gamesource\debugmonstonewin32\monstonewin32.tlog\cl.command.1.tlog
c:\monstone\monstone\gamesource\debugmonstonewin32\monstonewin32.tlog\cl.read.1.tlog
c:\monstone\monstone\gamesource\debugmonstonewin32\monstonewin32.tlog\cl.write.1.tlog
c:\monstone\monstone\gamesource\debugmonstonewin32\monstonewin32.tlog\link-cvtres.read.1.tlog
c:\monstone\monstone\gamesource\debugmonstonewin32\monstonewin32.tlog\link-cvtres.write.1.tlog
c:\monstone\monstone\gamesource\debugmonstonewin32\monstonewin32.tlog\link-rc.read.1.tlog
c:\monstone\monstone\gamesource\debugmonstonewin32\monstonewin32.tlog\link-rc.write.1.tlog
c:\monstone\monstone\gamesource\debugmonstonewin32\monstonewin32.tlog\link.13636.read.1.tlog
c:\monstone\monstone\gamesource\debugmonstonewin32\monstonewin32.tlog\link.13636.write.1.tlog
c:\monstone\monstone\gamesource\debugmonstonewin32\monstonewin32.tlog\link.14060.read.1.tlog
c:\monstone\monstone\gamesource\debugmonstonewin32\monstonewin32.tlog\link.14060.write.1.tlog
c:\monstone\monstone\gamesource\debugmonstonewin32\monstonewin32.tlog\link.14372.read.1.tlog
c:\monstone\monstone\gamesource\debugmonstonewin32\monstonewin32.tlog\link.14372.write.1.tlog
c:\monstone\monstone\gamesource\debugmonstonewin32\monstonewin32.tlog\link.4456.read.1.tlog
c:\monstone\monstone\gamesource\debugmonstonewin32\monstonewin32.tlog\link.4456.write.1.tlog
c:\monstone\monstone\gamesource\debugmonstonewin32\monstonewin32.tlog\link.5168.read.1.tlog
c:\monstone\monstone\gamesource\debugmonstonewin32\monstonewin32.tlog\link.5168.write.1.tlog
c:\monstone\monstone\gamesource\debugmonstonewin32\monstonewin32.tlog\link.7676.read.1.tlog
c:\monstone\monstone\gamesource\debugmonstonewin32\monstonewin32.tlog\link.7676.write.1.tlog
c:\monstone\monstone\gamesource\debugmonstonewin32\monstonewin32.tlog\link.command.1.tlog
c:\monstone\monstone\gamesource\debugmonstonewin32\monstonewin32.tlog\link.read.1.tlog
c:\monstone\monstone\gamesource\debugmonstonewin32\monstonewin32.tlog\link.write.1.tlog
