  BitmapAccess.cpp
c:\monstone\monstone\gamesource\externallib\freeimage\source\freeimage\bitmapaccess.cpp : warning C4819: 현재 코드 페이지(949)에서 표시할 수 없는 문자가 파일에 들어 있습니다. 데이터가 손실되지 않게 하려면 해당 파일을 유니코드 형식으로 저장하십시오.
c:\monstone\monstone\gamesource\externallib\freeimage\source\freeimage.h : warning C4819: 현재 코드 페이지(949)에서 표시할 수 없는 문자가 파일에 들어 있습니다. 데이터가 손실되지 않게 하려면 해당 파일을 유니코드 형식으로 저장하십시오.
c:\monstone\monstone\gamesource\externallib\freeimage\source\metadata\freeimagetag.h : warning C4819: 현재 코드 페이지(949)에서 표시할 수 없는 문자가 파일에 들어 있습니다. 데이터가 손실되지 않게 하려면 해당 파일을 유니코드 형식으로 저장하십시오.
  PluginG3.cpp
c:\monstone\monstone\gamesource\externallib\freeimage\source\freeimage\pluging3.cpp : warning C4819: 현재 코드 페이지(949)에서 표시할 수 없는 문자가 파일에 들어 있습니다. 데이터가 손실되지 않게 하려면 해당 파일을 유니코드 형식으로 저장하십시오.
c:\monstone\monstone\gamesource\externallib\freeimage\source\freeimage.h : warning C4819: 현재 코드 페이지(949)에서 표시할 수 없는 문자가 파일에 들어 있습니다. 데이터가 손실되지 않게 하려면 해당 파일을 유니코드 형식으로 저장하십시오.
  PluginGIF.cpp
c:\monstone\monstone\gamesource\externallib\freeimage\source\freeimage\plugingif.cpp : warning C4819: 현재 코드 페이지(949)에서 표시할 수 없는 문자가 파일에 들어 있습니다. 데이터가 손실되지 않게 하려면 해당 파일을 유니코드 형식으로 저장하십시오.
c:\monstone\monstone\gamesource\externallib\freeimage\source\freeimage.h : warning C4819: 현재 코드 페이지(949)에서 표시할 수 없는 문자가 파일에 들어 있습니다. 데이터가 손실되지 않게 하려면 해당 파일을 유니코드 형식으로 저장하십시오.
c:\monstone\monstone\gamesource\externallib\freeimage\source\metadata\freeimagetag.h : warning C4819: 현재 코드 페이지(949)에서 표시할 수 없는 문자가 파일에 들어 있습니다. 데이터가 손실되지 않게 하려면 해당 파일을 유니코드 형식으로 저장하십시오.
  PluginICO.cpp
c:\monstone\monstone\gamesource\externallib\freeimage\source\freeimage\pluginico.cpp : warning C4819: 현재 코드 페이지(949)에서 표시할 수 없는 문자가 파일에 들어 있습니다. 데이터가 손실되지 않게 하려면 해당 파일을 유니코드 형식으로 저장하십시오.
c:\monstone\monstone\gamesource\externallib\freeimage\source\freeimage.h : warning C4819: 현재 코드 페이지(949)에서 표시할 수 없는 문자가 파일에 들어 있습니다. 데이터가 손실되지 않게 하려면 해당 파일을 유니코드 형식으로 저장하십시오.
  PluginTIFF.cpp
c:\monstone\monstone\gamesource\externallib\freeimage\source\freeimage.h : warning C4819: 현재 코드 페이지(949)에서 표시할 수 없는 문자가 파일에 들어 있습니다. 데이터가 손실되지 않게 하려면 해당 파일을 유니코드 형식으로 저장하십시오.
c:\monstone\monstone\gamesource\externallib\freeimage\source\metadata\freeimagetag.h : warning C4819: 현재 코드 페이지(949)에서 표시할 수 없는 문자가 파일에 들어 있습니다. 데이터가 손실되지 않게 하려면 해당 파일을 유니코드 형식으로 저장하십시오.
  tmoColorConvert.cpp
c:\monstone\monstone\gamesource\externallib\freeimage\source\freeimage\tmocolorconvert.cpp : warning C4819: 현재 코드 페이지(949)에서 표시할 수 없는 문자가 파일에 들어 있습니다. 데이터가 손실되지 않게 하려면 해당 파일을 유니코드 형식으로 저장하십시오.
c:\monstone\monstone\gamesource\externallib\freeimage\source\freeimage.h : warning C4819: 현재 코드 페이지(949)에서 표시할 수 없는 문자가 파일에 들어 있습니다. 데이터가 손실되지 않게 하려면 해당 파일을 유니코드 형식으로 저장하십시오.
c:\monstone\monstone\gamesource\externallib\freeimage\source\tonemapping.h : warning C4819: 현재 코드 페이지(949)에서 표시할 수 없는 문자가 파일에 들어 있습니다. 데이터가 손실되지 않게 하려면 해당 파일을 유니코드 형식으로 저장하십시오.
  XTIFF.cpp
c:\monstone\monstone\gamesource\externallib\freeimage\source\freeimage.h : warning C4819: 현재 코드 페이지(949)에서 표시할 수 없는 문자가 파일에 들어 있습니다. 데이터가 손실되지 않게 하려면 해당 파일을 유니코드 형식으로 저장하십시오.
c:\monstone\monstone\gamesource\externallib\freeimage\source\metadata\freeimagetag.h : warning C4819: 현재 코드 페이지(949)에서 표시할 수 없는 문자가 파일에 들어 있습니다. 데이터가 손실되지 않게 하려면 해당 파일을 유니코드 형식으로 저장하십시오.
c:\monstone\monstone\gamesource\externallib\freeimage\source\metadata\firational.h : warning C4819: 현재 코드 페이지(949)에서 표시할 수 없는 문자가 파일에 들어 있습니다. 데이터가 손실되지 않게 하려면 해당 파일을 유니코드 형식으로 저장하십시오.
  Background.cpp
c:\monstone\monstone\gamesource\externallib\freeimage\source\freeimage.h : warning C4819: 현재 코드 페이지(949)에서 표시할 수 없는 문자가 파일에 들어 있습니다. 데이터가 손실되지 않게 하려면 해당 파일을 유니코드 형식으로 저장하십시오.
  코드를 생성하고 있습니다...
  FreeImageC.c
c:\monstone\monstone\gamesource\externallib\freeimage\source\freeimage.h : warning C4819: 현재 코드 페이지(949)에서 표시할 수 없는 문자가 파일에 들어 있습니다. 데이터가 손실되지 않게 하려면 해당 파일을 유니코드 형식으로 저장하십시오.
BitmapAccess.obj : warning LNK4075: '/EDITANDCONTINUE'이(가) '/OPT:ICF' 사양으로 인해 무시됩니다.
     .\Win32\Debug\FreeImaged.lib 라이브러리 및 .\Win32\Debug\FreeImaged.exp 개체를 생성하고 있습니다.
  FreeImage.2013.vcxproj -> C:\monstone\Monstone\GameSource\Externallib\FreeImage\.\Win32\Debug\FreeImaged.dll
  FreeImage.2013.vcxproj -> .\Win32\Debug\FreeImaged.pdb (Full PDB)
          1개 파일이 복사되었습니다.
          1개 파일이 복사되었습니다.
          1개 파일이 복사되었습니다.
