c:\monstone\monstone\gamesource\debugftgl_static\ftgl_static.pdb
c:\monstone\monstone\gamesource\debugftgl_static\ftgl_static.idb
c:\monstone\monstone\gamesource\debugftgl_static\ftpixmapfont.obj
c:\monstone\monstone\gamesource\debugftgl_static\ftpolygonfont.obj
c:\monstone\monstone\gamesource\debugftgl_static\fttexturefont.obj
c:\monstone\monstone\gamesource\debugftgl_static\ftglyphcontainer.obj
c:\monstone\monstone\gamesource\debugftgl_static\ftbitmapglyph.obj
c:\monstone\monstone\gamesource\debugftgl_static\ftbufferglyph.obj
c:\monstone\monstone\gamesource\debugftgl_static\ftextrudeglyph.obj
c:\monstone\monstone\gamesource\debugftgl_static\ftglyph.obj
c:\monstone\monstone\gamesource\debugftgl_static\ftglyphglue.obj
c:\monstone\monstone\gamesource\debugftgl_static\ftoutlineglyph.obj
c:\monstone\monstone\gamesource\debugftgl_static\ftpixmapglyph.obj
c:\monstone\monstone\gamesource\debugftgl_static\ftpolygonglyph.obj
c:\monstone\monstone\gamesource\debugftgl_static\fttextureglyph.obj
c:\monstone\monstone\gamesource\debugftgl_static\ftlayout.obj
c:\monstone\monstone\gamesource\debugftgl_static\ftlayoutglue.obj
c:\monstone\monstone\gamesource\debugftgl_static\ftsimplelayout.obj
c:\monstone\monstone\gamesource\debugftgl_static\ftlibrary.obj
c:\monstone\monstone\gamesource\debugftgl_static\ftpoint.obj
c:\monstone\monstone\gamesource\debugftgl_static\ftsize.obj
c:\monstone\monstone\gamesource\debugftgl_static\ftvectoriser.obj
c:\monstone\monstone\gamesource\debugftgl_static\ftbuffer.obj
c:\monstone\monstone\gamesource\debugftgl_static\ftcharmap.obj
c:\monstone\monstone\gamesource\debugftgl_static\ftcontour.obj
c:\monstone\monstone\gamesource\debugftgl_static\ftface.obj
c:\monstone\monstone\gamesource\debugftgl_static\ftbitmapfont.obj
c:\monstone\monstone\gamesource\debugftgl_static\ftbufferfont.obj
c:\monstone\monstone\gamesource\debugftgl_static\ftextrudefont.obj
c:\monstone\monstone\gamesource\debugftgl_static\ftfont.obj
c:\monstone\monstone\gamesource\debugftgl_static\ftfontglue.obj
c:\monstone\monstone\gamesource\debugftgl_static\ftoutlinefont.obj
c:\monstone\monstone\gamesource\debugftgl_static\ftgl_static.lib
c:\monstone\monstone\gamesource\debugftgl_static\ftgl_static.tlog\cl.command.1.tlog
c:\monstone\monstone\gamesource\debugftgl_static\ftgl_static.tlog\cl.read.1.tlog
c:\monstone\monstone\gamesource\debugftgl_static\ftgl_static.tlog\cl.write.1.tlog
c:\monstone\monstone\gamesource\debugftgl_static\ftgl_static.tlog\lib-link.read.1.tlog
c:\monstone\monstone\gamesource\debugftgl_static\ftgl_static.tlog\lib-link.write.1.tlog
c:\monstone\monstone\gamesource\debugftgl_static\ftgl_static.tlog\lib.command.1.tlog
